epoch:  1 | step:  1280 | loss1:  0.717992676929994 | loss2:  2.5027003288269043 | loss3:  0.3810819387435913 | loss4:  0.9733688235282898
AUC1:  0.7898210195986407  AP1:  0.21049573027631402
AUC2:  0.6636713237824847  AP2: 0.1304139597800409
mAP@0.1 =4.03%
mAP@0.2 =2.94%
mAP@0.3 =2.20%
mAP@0.4 =1.56%
mAP@0.5 =0.41%
average MAP: 2.23
epoch:  1 | step:  2560 | loss1:  0.5460460441453117 | loss2:  2.3703520865667436 | loss3:  0.390222430229187 | loss4:  0.9372455477714539
AUC1:  0.8222961552033391  AP1:  0.24965488764384824
AUC2:  0.7621001045741549  AP2: 0.17713031450424613
mAP@0.1 =4.39%
mAP@0.2 =3.14%
mAP@0.3 =2.42%
mAP@0.4 =2.01%
mAP@0.5 =1.28%
average MAP: 2.65
epoch:  1 | step:  3840 | loss1:  0.46312055905019084 | loss2:  2.215504780892403 | loss3:  0.40309226512908936 | loss4:  0.8846516609191895
AUC1:  0.8364758980938416  AP1:  0.2574561483660313
AUC2:  0.8246077861257061  AP2: 0.21451875046529112
mAP@0.1 =4.31%
mAP@0.2 =3.33%
mAP@0.3 =2.32%
mAP@0.4 =1.91%
mAP@0.5 =1.10%
average MAP: 2.59
epoch:  1 | step:  5120 | loss1:  0.40871164311723013 | loss2:  2.101684224314806 | loss3:  0.391679584980011 | loss4:  0.8638383150100708
AUC1:  0.8395155027498155  AP1:  0.27182381746647083
AUC2:  0.8114865397056915  AP2: 0.20704587394582263
mAP@0.1 =5.35%
mAP@0.2 =4.24%
mAP@0.3 =3.40%
mAP@0.4 =2.00%
mAP@0.5 =1.55%
average MAP: 3.31
epoch:  1 | step:  6400 | loss1:  0.3706018378337224 | loss2:  2.002282231461768 | loss3:  0.39831578731536865 | loss4:  0.835671603679657
AUC1:  0.8460164025429047  AP1:  0.30172745980598714
AUC2:  0.8248081742658716  AP2: 0.22390695576302155
mAP@0.1 =5.55%
mAP@0.2 =3.89%
mAP@0.3 =3.17%
mAP@0.4 =2.51%
mAP@0.5 =1.52%
average MAP: 3.33
epoch:  1 | step:  7680 | loss1:  0.3447934582096631 | loss2:  1.9200768705274238 | loss3:  0.4023767113685608 | loss4:  0.8120410442352295
AUC1:  0.8480682526572316  AP1:  0.3037906322331807
AUC2:  0.8218621158929524  AP2: 0.22270118026799723
mAP@0.1 =5.55%
mAP@0.2 =4.54%
mAP@0.3 =3.65%
mAP@0.4 =2.34%
mAP@0.5 =1.66%
average MAP: 3.55
epoch:  1 | step:  8960 | loss1:  0.32593355611176555 | loss2:  1.8545201983250363 | loss3:  0.39153653383255005 | loss4:  0.8084973692893982
AUC1:  0.8522131981905653  AP1:  0.3153199690243777
AUC2:  0.8336531404437284  AP2: 0.23867894146244514
mAP@0.1 =5.64%
mAP@0.2 =4.50%
mAP@0.3 =3.58%
mAP@0.4 =2.45%
mAP@0.5 =1.42%
average MAP: 3.52
epoch:  1 | step:  10240 | loss1:  0.30593439495121993 | loss2:  1.7939414315753512 | loss3:  0.38387811183929443 | loss4:  0.8011812567710876
AUC1:  0.8573293214274402  AP1:  0.31789808614550913
AUC2:  0.8387827730506932  AP2: 0.24593342211982566
mAP@0.1 =6.20%
mAP@0.2 =4.83%
mAP@0.3 =3.75%
mAP@0.4 =2.52%
mAP@0.5 =1.40%
average MAP: 3.74
epoch:  1 | step:  11520 | loss1:  0.2897051360744696 | loss2:  1.7441741490102076 | loss3:  0.37291115522384644 | loss4:  0.7961465120315552
AUC1:  0.8572146954300444  AP1:  0.3117198974262104
AUC2:  0.8400983668970803  AP2: 0.2424076506280619
mAP@0.1 =8.63%
mAP@0.2 =7.02%
mAP@0.3 =6.12%
mAP@0.4 =5.00%
mAP@0.5 =2.79%
average MAP: 5.91
epoch:  1 | step:  12800 | loss1:  0.2770632961303881 | loss2:  1.7001024531845998 | loss3:  0.3640790581703186 | loss4:  0.7910431623458862
AUC1:  0.8606395190211634  AP1:  0.30506564013584025
AUC2:  0.8399348102438707  AP2: 0.2491820803204146
mAP@0.1 =7.33%
mAP@0.2 =5.96%
mAP@0.3 =4.85%
mAP@0.4 =3.12%
mAP@0.5 =1.71%
average MAP: 4.59
epoch:  1 | step:  14080 | loss1:  0.26504495833908115 | loss2:  1.6609979073206584 | loss3:  0.34592515230178833 | loss4:  0.7952139973640442
AUC1:  0.8647578052919136  AP1:  0.329750897127006
AUC2:  0.8417733454815199  AP2: 0.2602044088998582
mAP@0.1 =7.72%
mAP@0.2 =6.00%
mAP@0.3 =5.05%
mAP@0.4 =3.35%
mAP@0.5 =1.23%
average MAP: 4.67
epoch:  1 | step:  15360 | loss1:  0.2566101570759923 | loss2:  1.6288085762134268 | loss3:  0.34007465839385986 | loss4:  0.7807162404060364
AUC1:  0.8634873551220955  AP1:  0.34040201757433264
AUC2:  0.8491847467926925  AP2: 0.26700371183427885
mAP@0.1 =9.57%
mAP@0.2 =7.72%
mAP@0.3 =6.73%
mAP@0.4 =5.49%
mAP@0.5 =3.39%
average MAP: 6.58
epoch:  2 | step:  1280 | loss1:  0.12095783109014685 | loss2:  1.223071358420632 | loss3:  0.342693030834198 | loss4:  0.7716888785362244
AUC1:  0.862490706220622  AP1:  0.33396613465630176
AUC2:  0.8467935799462456  AP2: 0.26490181055968887
mAP@0.1 =9.24%
mAP@0.2 =7.61%
mAP@0.3 =6.62%
mAP@0.4 =4.13%
mAP@0.5 =2.12%
average MAP: 5.94
epoch:  2 | step:  2560 | loss1:  0.11805410860549836 | loss2:  1.205992579460144 | loss3:  0.34050416946411133 | loss4:  0.7602057456970215
AUC1:  0.8656920782043538  AP1:  0.32111346249594186
AUC2:  0.8510644038949186  AP2: 0.2674851920228912
mAP@0.1 =9.01%
mAP@0.2 =7.11%
mAP@0.3 =6.14%
mAP@0.4 =3.84%
mAP@0.5 =3.25%
average MAP: 5.87
epoch:  2 | step:  3840 | loss1:  0.1147357956055672 | loss2:  1.1855936204233477 | loss3:  0.33148735761642456 | loss4:  0.7478080987930298
AUC1:  0.8640816602763491  AP1:  0.3188187347589283
AUC2:  0.850158934414472  AP2: 0.2682752218463924
mAP@0.1 =9.72%
mAP@0.2 =8.23%
mAP@0.3 =7.37%
mAP@0.4 =5.00%
mAP@0.5 =4.42%
average MAP: 6.95
epoch:  2 | step:  5120 | loss1:  0.11410391821366984 | loss2:  1.17055064003642 | loss3:  0.32679039239883423 | loss4:  0.7298471927642822
AUC1:  0.8694343853837962  AP1:  0.34298256139496275
AUC2:  0.8570365234501499  AP2: 0.2841401648917122
mAP@0.1 =10.74%
mAP@0.2 =9.06%
mAP@0.3 =7.98%
mAP@0.4 =5.08%
mAP@0.5 =2.93%
average MAP: 7.16
epoch:  2 | step:  6400 | loss1:  0.11540900623681498 | loss2:  1.1624152379877426 | loss3:  0.3166424632072449 | loss4:  0.7223742604255676
AUC1:  0.8715365187127189  AP1:  0.3338637689216184
AUC2:  0.8572041670642945  AP2: 0.2784407338217175
mAP@0.1 =11.73%
mAP@0.2 =9.87%
mAP@0.3 =8.66%
mAP@0.4 =4.91%
mAP@0.5 =4.35%
average MAP: 7.90
epoch:  2 | step:  7680 | loss1:  0.1147405710376677 | loss2:  1.151329589671776 | loss3:  0.30769985914230347 | loss4:  0.7023686170578003
AUC1:  0.8699951627419487  AP1:  0.3408718117887991
AUC2:  0.8569324307301593  AP2: 0.2793581732748266
mAP@0.1 =12.30%
mAP@0.2 =10.48%
mAP@0.3 =9.17%
mAP@0.4 =5.35%
mAP@0.5 =4.77%
average MAP: 8.41
epoch:  2 | step:  8960 | loss1:  0.11304341991182784 | loss2:  1.1326789159170338 | loss3:  0.30665141344070435 | loss4:  0.695584774017334
AUC1:  0.8721026267001075  AP1:  0.3362051628415631
AUC2:  0.8582574227054405  AP2: 0.2769226319637401
mAP@0.1 =11.71%
mAP@0.2 =9.60%
mAP@0.3 =7.94%
mAP@0.4 =3.63%
mAP@0.5 =3.05%
average MAP: 7.19
epoch:  2 | step:  10240 | loss1:  0.11001496564274953 | loss2:  1.113839762446321 | loss3:  0.30271220207214355 | loss4:  0.6842083930969238
AUC1:  0.8712519784334645  AP1:  0.331032735984384
AUC2:  0.8587910193314466  AP2: 0.28235926562200714
mAP@0.1 =11.08%
mAP@0.2 =9.27%
mAP@0.3 =8.13%
mAP@0.4 =4.55%
mAP@0.5 =3.35%
average MAP: 7.28
epoch:  2 | step:  11520 | loss1:  0.10818598227022769 | loss2:  1.1012980754558856 | loss3:  0.29869186878204346 | loss4:  0.6678392887115479
AUC1:  0.8678869417400972  AP1:  0.3057052348181211
AUC2:  0.855960165141209  AP2: 0.27083900922092075
mAP@0.1 =12.77%
mAP@0.2 =10.83%
mAP@0.3 =9.01%
mAP@0.4 =5.29%
mAP@0.5 =4.42%
average MAP: 8.46
epoch:  2 | step:  12800 | loss1:  0.10695270113278144 | loss2:  1.0890877695366887 | loss3:  0.28631412982940674 | loss4:  0.6728305816650391
AUC1:  0.8764866550461958  AP1:  0.33071388951754277
AUC2:  0.8654984682417752  AP2: 0.2918057702840791
mAP@0.1 =13.25%
mAP@0.2 =10.39%
mAP@0.3 =9.08%
mAP@0.4 =4.98%
mAP@0.5 =4.11%
average MAP: 8.36
epoch:  2 | step:  14080 | loss1:  0.10553353189213856 | loss2:  1.0729090195518356 | loss3:  0.285682737827301 | loss4:  0.6563529968261719
AUC1:  0.8728917156099878  AP1:  0.3406674020391527
AUC2:  0.8626647607502465  AP2: 0.29351095493641444
mAP@0.1 =12.69%
mAP@0.2 =10.44%
mAP@0.3 =8.85%
mAP@0.4 =4.50%
mAP@0.5 =3.12%
average MAP: 7.92
epoch:  2 | step:  15360 | loss1:  0.10470613316932986 | loss2:  1.0586054187175655 | loss3:  0.27944380044937134 | loss4:  0.6599632501602173
AUC1:  0.8724755466639471  AP1:  0.32229451452183133
AUC2:  0.8580920497590093  AP2: 0.2767171194384629
mAP@0.1 =13.07%
mAP@0.2 =10.22%
mAP@0.3 =8.67%
mAP@0.4 =4.49%
mAP@0.5 =3.33%
average MAP: 7.96
epoch:  3 | step:  1280 | loss1:  0.07502844150770795 | loss2:  0.9364200288599188 | loss3:  0.2835853099822998 | loss4:  0.6561574935913086
AUC1:  0.8767129689441309  AP1:  0.3240271729628584
AUC2:  0.8652680993550036  AP2: 0.28806946823613927
mAP@0.1 =12.61%
mAP@0.2 =10.81%
mAP@0.3 =9.07%
mAP@0.4 =5.51%
mAP@0.5 =4.60%
average MAP: 8.52
epoch:  3 | step:  2560 | loss1:  0.07716989055985496 | loss2:  0.9070374085789635 | loss3:  0.2834029793739319 | loss4:  0.6442489624023438
AUC1:  0.879351258798425  AP1:  0.33134516482334436
AUC2:  0.8693498397562122  AP2: 0.2929433661556162
mAP@0.1 =13.82%
mAP@0.2 =11.36%
mAP@0.3 =9.75%
mAP@0.4 =6.95%
mAP@0.5 =5.93%
average MAP: 9.56
epoch:  3 | step:  3840 | loss1:  0.07102108242050294 | loss2:  0.9045909604718608 | loss3:  0.27522599697113037 | loss4:  0.639775276184082
AUC1:  0.8819081453727325  AP1:  0.3474477460024632
AUC2:  0.8712435751465387  AP2: 0.29702586934641423
mAP@0.1 =13.81%
mAP@0.2 =11.36%
mAP@0.3 =9.44%
mAP@0.4 =4.23%
mAP@0.5 =3.44%
average MAP: 8.45
epoch:  3 | step:  5120 | loss1:  0.07125604098163 | loss2:  0.885870709651854 | loss3:  0.263871431350708 | loss4:  0.6444301009178162
AUC1:  0.8800639569120052  AP1:  0.35065768353905824
AUC2:  0.8691806222807591  AP2: 0.3021067246539194
mAP@0.1 =15.37%
mAP@0.2 =12.55%
mAP@0.3 =10.67%
mAP@0.4 =7.34%
mAP@0.5 =6.40%
average MAP: 10.47
epoch:  3 | step:  6400 | loss1:  0.07678691458468344 | loss2:  0.8717536563966789 | loss3:  0.2557651996612549 | loss4:  0.6378244757652283
AUC1:  0.879791971380846  AP1:  0.36110620901293294
AUC2:  0.8657831770927613  AP2: 0.30345422740628647
mAP@0.1 =13.64%
mAP@0.2 =11.18%
mAP@0.3 =9.67%
mAP@0.4 =5.62%
mAP@0.5 =4.01%
average MAP: 8.82
epoch:  3 | step:  7680 | loss1:  0.07392670470671575 | loss2:  0.8539356814056146 | loss3:  0.2695540189743042 | loss4:  0.6147788166999817
AUC1:  0.8775283964688806  AP1:  0.3371773488692325
AUC2:  0.8636721693286531  AP2: 0.29664106867795337
mAP@0.1 =15.19%
mAP@0.2 =12.11%
mAP@0.3 =10.47%
mAP@0.4 =6.06%
mAP@0.5 =4.67%
average MAP: 9.70
epoch:  3 | step:  8960 | loss1:  0.07189057022333145 | loss2:  0.8402245044708252 | loss3:  0.25378262996673584 | loss4:  0.6308649182319641
AUC1:  0.8778437708254203  AP1:  0.3286241032326308
AUC2:  0.8674691116350177  AP2: 0.2900382769667646
mAP@0.1 =17.26%
mAP@0.2 =13.76%
mAP@0.3 =12.19%
mAP@0.4 =8.25%
mAP@0.5 =4.85%
average MAP: 11.26
epoch:  3 | step:  10240 | loss1:  0.07027520736058553 | loss2:  0.831020219826404 | loss3:  0.2520447373390198 | loss4:  0.6092260479927063
AUC1:  0.8737170589336116  AP1:  0.3229701235710949
AUC2:  0.8683159826530551  AP2: 0.2948059614354288
mAP@0.1 =15.42%
mAP@0.2 =12.67%
mAP@0.3 =11.09%
mAP@0.4 =6.50%
mAP@0.5 =4.02%
average MAP: 9.94
epoch:  3 | step:  11520 | loss1:  0.06848014539087212 | loss2:  0.8197976259084848 | loss3:  0.23808777332305908 | loss4:  0.6185250282287598
AUC1:  0.875231481423132  AP1:  0.3314309187230058
AUC2:  0.8704418787577687  AP2: 0.30319345475955917
mAP@0.1 =16.59%
mAP@0.2 =13.23%
mAP@0.3 =11.23%
mAP@0.4 =6.66%
mAP@0.5 =4.36%
average MAP: 10.41
epoch:  3 | step:  12800 | loss1:  0.06792906018914563 | loss2:  0.8115856588476955 | loss3:  0.24301278591156006 | loss4:  0.5988785624504089
AUC1:  0.8763981369085225  AP1:  0.3273976873890196
AUC2:  0.8687617802819256  AP2: 0.303106288194982
mAP@0.1 =15.88%
mAP@0.2 =12.80%
mAP@0.3 =10.43%
mAP@0.4 =6.33%
mAP@0.5 =4.31%
average MAP: 9.95
epoch:  3 | step:  14080 | loss1:  0.06666988600884471 | loss2:  0.799110090947366 | loss3:  0.23490124940872192 | loss4:  0.6113162040710449
AUC1:  0.8771128231306023  AP1:  0.3409781770675334
AUC2:  0.8663302806793656  AP2: 0.3014228449868733
mAP@0.1 =16.21%
mAP@0.2 =13.12%
mAP@0.3 =10.85%
mAP@0.4 =5.05%
mAP@0.5 =4.43%
average MAP: 9.93
epoch:  3 | step:  15360 | loss1:  0.06514163179831071 | loss2:  0.7878314384744187 | loss3:  0.23297441005706787 | loss4:  0.587318480014801
AUC1:  0.8750005562218439  AP1:  0.34531009855010514
AUC2:  0.8647021618854744  AP2: 0.3024189210031077
mAP@0.1 =15.98%
mAP@0.2 =13.09%
mAP@0.3 =11.32%
mAP@0.4 =5.13%
mAP@0.5 =4.59%
average MAP: 10.02
epoch:  4 | step:  1280 | loss1:  0.05730536410754377 | loss2:  0.8212038441137834 | loss3:  0.263366162776947 | loss4:  0.641558825969696
AUC1:  0.8806549027717545  AP1:  0.3517026845684462
AUC2:  0.8695579335428439  AP2: 0.3058572560938254
mAP@0.1 =13.85%
mAP@0.2 =9.95%
mAP@0.3 =8.42%
mAP@0.4 =4.20%
mAP@0.5 =3.15%
average MAP: 7.91
epoch:  4 | step:  2560 | loss1:  0.06826185523754075 | loss2:  0.8274108114696684 | loss3:  0.2581861615180969 | loss4:  0.6352369785308838
AUC1:  0.8793980111812564  AP1:  0.3498209325923308
AUC2:  0.8666132363472727  AP2: 0.30737357131359766
mAP@0.1 =14.47%
mAP@0.2 =11.31%
mAP@0.3 =8.89%
mAP@0.4 =5.30%
mAP@0.5 =4.62%
average MAP: 8.92
epoch:  4 | step:  3840 | loss1:  0.06960870962469809 | loss2:  0.8055464932995458 | loss3:  0.2603089213371277 | loss4:  0.6197008490562439
AUC1:  0.8791313446952398  AP1:  0.35120019867726726
AUC2:  0.866141465048821  AP2: 0.30254791030603445
mAP@0.1 =14.83%
mAP@0.2 =11.81%
mAP@0.3 =10.04%
mAP@0.4 =5.85%
mAP@0.5 =4.72%
average MAP: 9.45
epoch:  4 | step:  5120 | loss1:  0.07072676572857833 | loss2:  0.7899621754157834 | loss3:  0.2641637325286865 | loss4:  0.6096335649490356
AUC1:  0.8831921765486759  AP1:  0.34270555193126995
AUC2:  0.8706890209488753  AP2: 0.3003620497642687
mAP@0.1 =14.36%
mAP@0.2 =11.72%
mAP@0.3 =9.77%
mAP@0.4 =6.75%
mAP@0.5 =3.42%
average MAP: 9.20
epoch:  4 | step:  6400 | loss1:  0.06824964482118101 | loss2:  0.7815773124788322 | loss3:  0.25458329916000366 | loss4:  0.6041063666343689
AUC1:  0.8852299070428561  AP1:  0.3476417219412955
AUC2:  0.8701353652135203  AP2: 0.3043489556226577
mAP@0.1 =15.02%
mAP@0.2 =11.73%
mAP@0.3 =9.55%
mAP@0.4 =6.62%
mAP@0.5 =5.28%
average MAP: 9.64
epoch:  4 | step:  7680 | loss1:  0.06965855722788905 | loss2:  0.7772543195818291 | loss3:  0.24536162614822388 | loss4:  0.6044567227363586
AUC1:  0.8856758990991557  AP1:  0.38838003058359133
AUC2:  0.8658248040238241  AP2: 0.3020180253409028
mAP@0.1 =16.46%
mAP@0.2 =13.00%
mAP@0.3 =10.10%
mAP@0.4 =5.85%
mAP@0.5 =4.70%
average MAP: 10.02
epoch:  4 | step:  8960 | loss1:  0.06931132193602307 | loss2:  0.769119873852797 | loss3:  0.24954766035079956 | loss4:  0.599910318851471
AUC1:  0.8786387255496666  AP1:  0.371062927280331
AUC2:  0.8634603117309644  AP2: 0.2899000551858523
mAP@0.1 =17.08%
mAP@0.2 =13.69%
mAP@0.3 =11.34%
mAP@0.4 =6.24%
mAP@0.5 =5.25%
average MAP: 10.72
epoch:  4 | step:  10240 | loss1:  0.0678944476408723 | loss2:  0.7569850536040318 | loss3:  0.23153311014175415 | loss4:  0.6060550808906555
AUC1:  0.8851854041983513  AP1:  0.3584681943803661
AUC2:  0.8717678698379648  AP2: 0.3072717489654143
mAP@0.1 =16.64%
mAP@0.2 =13.32%
mAP@0.3 =10.19%
mAP@0.4 =5.43%
mAP@0.5 =4.55%
average MAP: 10.02
epoch:  4 | step:  11520 | loss1:  0.06711773443353045 | loss2:  0.7470648419726026 | loss3:  0.239560067653656 | loss4:  0.5856321454048157
AUC1:  0.8804196871001726  AP1:  0.3471373248028077
AUC2:  0.8681569529709965  AP2: 0.2989370696459348
mAP@0.1 =17.52%
mAP@0.2 =13.60%
mAP@0.3 =10.78%
mAP@0.4 =7.38%
mAP@0.5 =6.35%
average MAP: 11.12
epoch:  4 | step:  12800 | loss1:  0.0653163235966522 | loss2:  0.739641529498714 | loss3:  0.23324841260910034 | loss4:  0.5941923260688782
AUC1:  0.8673433141229889  AP1:  0.3267515065157246
AUC2:  0.8570208205160743  AP2: 0.2876666926341812
mAP@0.1 =17.06%
mAP@0.2 =13.17%
mAP@0.3 =11.02%
mAP@0.4 =6.16%
mAP@0.5 =5.30%
average MAP: 10.54
epoch:  4 | step:  14080 | loss1:  0.0628054176734106 | loss2:  0.732906529495308 | loss3:  0.2247818112373352 | loss4:  0.5928459167480469
AUC1:  0.8719742333316866  AP1:  0.3532257641701487
AUC2:  0.8607454423986518  AP2: 0.30754674535168486
mAP@0.1 =17.67%
mAP@0.2 =14.26%
mAP@0.3 =12.20%
mAP@0.4 =6.48%
mAP@0.5 =4.85%
average MAP: 11.09
epoch:  4 | step:  15360 | loss1:  0.06088723254597877 | loss2:  0.7249918737687355 | loss3:  0.2356511354446411 | loss4:  0.5557237863540649
AUC1:  0.8717253198863149  AP1:  0.367637201090189
AUC2:  0.8599938201547542  AP2: 0.29189179689473077
mAP@0.1 =17.94%
mAP@0.2 =14.59%
mAP@0.3 =10.90%
mAP@0.4 =6.00%
mAP@0.5 =5.20%
average MAP: 10.93
epoch:  5 | step:  1280 | loss1:  0.06849419731985439 | loss2:  0.6802609075199474 | loss3:  0.25162625312805176 | loss4:  0.6063860654830933
AUC1:  0.8875106365148485  AP1:  0.3877508013495861
AUC2:  0.872699501577038  AP2: 0.31448899686977616
mAP@0.1 =17.41%
mAP@0.2 =13.98%
mAP@0.3 =12.25%
mAP@0.4 =8.23%
mAP@0.5 =6.63%
average MAP: 11.70
epoch:  5 | step:  2560 | loss1:  0.06269116628737677 | loss2:  0.6837726292156038 | loss3:  0.2486283779144287 | loss4:  0.6099914908409119
AUC1:  0.8869049913669033  AP1:  0.38087109137238817
AUC2:  0.87039165374166  AP2: 0.3087720984796486
mAP@0.1 =17.65%
mAP@0.2 =14.05%
mAP@0.3 =12.23%
mAP@0.4 =8.31%
mAP@0.5 =6.85%
average MAP: 11.82
epoch:  5 | step:  3840 | loss1:  0.057834908967056585 | loss2:  0.6863228274929908 | loss3:  0.24950146675109863 | loss4:  0.6060674786567688
AUC1:  0.8855370407531455  AP1:  0.37578814776016967
AUC2:  0.868542302852737  AP2: 0.30464005846518244
mAP@0.1 =17.63%
mAP@0.2 =14.36%
mAP@0.3 =12.22%
mAP@0.4 =6.59%
mAP@0.5 =5.10%
average MAP: 11.18
epoch:  5 | step:  5120 | loss1:  0.05538212871406137 | loss2:  0.6947120529849354 | loss3:  0.2486012578010559 | loss4:  0.60117107629776
AUC1:  0.8842792399503001  AP1:  0.37236952543893487
AUC2:  0.8668796414034622  AP2: 0.301143692950833
mAP@0.1 =16.94%
mAP@0.2 =13.28%
mAP@0.3 =10.51%
mAP@0.4 =6.56%
mAP@0.5 =5.00%
average MAP: 10.46
epoch:  5 | step:  6400 | loss1:  0.05156166639690306 | loss2:  0.6908516369613946 | loss3:  0.2409762144088745 | loss4:  0.6030402183532715
AUC1:  0.8845138367532592  AP1:  0.37023775710972445
AUC2:  0.8682453870544857  AP2: 0.3046692780058353
mAP@0.1 =17.82%
mAP@0.2 =14.22%
mAP@0.3 =12.24%
mAP@0.4 =6.76%
mAP@0.5 =5.15%
average MAP: 11.24
epoch:  5 | step:  7680 | loss1:  0.05162902866474918 | loss2:  0.6888447228025217 | loss3:  0.23991161584854126 | loss4:  0.6031308174133301
AUC1:  0.8846463515568785  AP1:  0.368316830592122
AUC2:  0.868408327341237  AP2: 0.305128257670068
mAP@0.1 =17.14%
mAP@0.2 =13.48%
mAP@0.3 =11.50%
mAP@0.4 =6.72%
mAP@0.5 =5.15%
average MAP: 10.80
epoch:  5 | step:  8960 | loss1:  0.05046986686196965 | loss2:  0.6847244878889809 | loss3:  0.23845058679580688 | loss4:  0.604789674282074
AUC1:  0.8842769828128081  AP1:  0.3663660477625002
AUC2:  0.8684645069522059  AP2: 0.3049129415613226
mAP@0.1 =17.30%
mAP@0.2 =13.41%
mAP@0.3 =11.48%
mAP@0.4 =6.75%
mAP@0.5 =5.11%
average MAP: 10.81
epoch:  5 | step:  10240 | loss1:  0.049055065131849714 | loss2:  0.6804108862523679 | loss3:  0.24593812227249146 | loss4:  0.6025100946426392
AUC1:  0.8837964380924679  AP1:  0.36183727671481847
AUC2:  0.8674836644075966  AP2: 0.30048043392617074
mAP@0.1 =16.98%
mAP@0.2 =13.33%
mAP@0.3 =10.74%
mAP@0.4 =6.69%
mAP@0.5 =5.11%
average MAP: 10.57
epoch:  5 | step:  11520 | loss1:  0.04748352907679893 | loss2:  0.6769072812992137 | loss3:  0.2445157766342163 | loss4:  0.5985361933708191
AUC1:  0.883307230879521  AP1:  0.3651974804872434
AUC2:  0.8677954479731032  AP2: 0.3011673075014739
mAP@0.1 =16.47%
mAP@0.2 =13.19%
mAP@0.3 =10.42%
mAP@0.4 =6.11%
mAP@0.5 =4.88%
average MAP: 10.21
epoch:  5 | step:  12800 | loss1:  0.04710556603599303 | loss2:  0.6726946364534964 | loss3:  0.2455955147743225 | loss4:  0.6015546321868896
AUC1:  0.8838679472590039  AP1:  0.3670480761348582
AUC2:  0.8679114857471684  AP2: 0.3043434273270178
mAP@0.1 =17.00%
mAP@0.2 =13.41%
mAP@0.3 =10.63%
mAP@0.4 =6.34%
mAP@0.5 =5.11%
average MAP: 10.50
epoch:  5 | step:  14080 | loss1:  0.0464539701739947 | loss2:  0.6695633734668698 | loss3:  0.23847371339797974 | loss4:  0.6010013818740845
AUC1:  0.8839025308757429  AP1:  0.363064660107785
AUC2:  0.8683362311855042  AP2: 0.3029365264198883
mAP@0.1 =17.03%
mAP@0.2 =13.40%
mAP@0.3 =10.64%
mAP@0.4 =6.33%
mAP@0.5 =5.13%
average MAP: 10.51
epoch:  5 | step:  15360 | loss1:  0.045785913166921 | loss2:  0.6687975427335944 | loss3:  0.23934853076934814 | loss4:  0.5978813171386719
AUC1:  0.8835762824840971  AP1:  0.3611398057705752
AUC2:  0.8682802129177924  AP2: 0.30103851423834116
mAP@0.1 =16.73%
mAP@0.2 =13.37%
mAP@0.3 =10.55%
mAP@0.4 =6.20%
mAP@0.5 =5.13%
average MAP: 10.39
epoch:  6 | step:  1280 | loss1:  0.053101213479583916 | loss2:  0.6648019281300631 | loss3:  0.25137513875961304 | loss4:  0.6049841046333313
AUC1:  0.8866934395892887  AP1:  0.3858635030595135
AUC2:  0.8696879844560665  AP2: 0.3091230748274269
mAP@0.1 =17.43%
mAP@0.2 =13.95%
mAP@0.3 =12.16%
mAP@0.4 =8.22%
mAP@0.5 =6.76%
average MAP: 11.70
epoch:  6 | step:  2560 | loss1:  0.04994272325365316 | loss2:  0.6638501740637279 | loss3:  0.24851566553115845 | loss4:  0.6031104326248169
AUC1:  0.8859463274501014  AP1:  0.3814350785557081
AUC2:  0.8692216589790791  AP2: 0.3072377850888983
mAP@0.1 =17.55%
mAP@0.2 =13.97%
mAP@0.3 =12.21%
mAP@0.4 =8.27%
mAP@0.5 =6.80%
average MAP: 11.76
epoch:  6 | step:  3840 | loss1:  0.04807967446263759 | loss2:  0.6738543779619278 | loss3:  0.24047750234603882 | loss4:  0.6059460043907166
AUC1:  0.8853266618418514  AP1:  0.3786282828671298
AUC2:  0.8687632370975511  AP2: 0.3069269722744953
mAP@0.1 =16.87%
mAP@0.2 =13.56%
mAP@0.3 =11.68%
mAP@0.4 =7.52%
mAP@0.5 =5.09%
average MAP: 10.95
epoch:  6 | step:  5120 | loss1:  0.04658303464331278 | loss2:  0.6763625246722523 | loss3:  0.24059957265853882 | loss4:  0.6042066216468811
AUC1:  0.8853059126912084  AP1:  0.3771210404860427
AUC2:  0.8687505897693792  AP2: 0.30697440805872567
mAP@0.1 =17.45%
mAP@0.2 =13.53%
mAP@0.3 =11.64%
mAP@0.4 =7.64%
mAP@0.5 =5.07%
average MAP: 11.06
epoch:  6 | step:  6400 | loss1:  0.046548610370533136 | loss2:  0.6741006678225947 | loss3:  0.24852913618087769 | loss4:  0.602043092250824
AUC1:  0.8850093814848683  AP1:  0.3745592649054652
AUC2:  0.8685563883693119  AP2: 0.30534672956560105
mAP@0.1 =17.13%
mAP@0.2 =13.57%
mAP@0.3 =11.63%
mAP@0.4 =7.84%
mAP@0.5 =5.15%
average MAP: 11.06
epoch:  6 | step:  7680 | loss1:  0.04693803456840945 | loss2:  0.670254572493131 | loss3:  0.24597615003585815 | loss4:  0.6048746109008789
AUC1:  0.8844054176059482  AP1:  0.3737261471039412
AUC2:  0.8677215167115806  AP2: 0.3034656542982562
mAP@0.1 =17.16%
mAP@0.2 =13.51%
mAP@0.3 =10.56%
mAP@0.4 =6.62%
mAP@0.5 =5.06%
average MAP: 10.58
epoch:  6 | step:  8960 | loss1:  0.0459632969553202 | loss2:  0.6713305283600176 | loss3:  0.24540603160858154 | loss4:  0.6048061847686768
AUC1:  0.8847125388054164  AP1:  0.37382217247103455
AUC2:  0.8680770836103631  AP2: 0.30512430080025915
mAP@0.1 =17.11%
mAP@0.2 =13.41%
mAP@0.3 =10.57%
mAP@0.4 =6.67%
mAP@0.5 =5.10%
average MAP: 10.57
epoch:  6 | step:  10240 | loss1:  0.0453644209989795 | loss2:  0.6726943033712881 | loss3:  0.24374115467071533 | loss4:  0.6021740436553955
AUC1:  0.8849244076165078  AP1:  0.3710405334464787
AUC2:  0.8684740385298597  AP2: 0.30580489071397743
mAP@0.1 =17.18%
mAP@0.2 =13.53%
mAP@0.3 =10.62%
mAP@0.4 =6.69%
mAP@0.5 =5.14%
average MAP: 10.63
epoch:  6 | step:  11520 | loss1:  0.04506864284093563 | loss2:  0.6691980538787422 | loss3:  0.23882734775543213 | loss4:  0.6011342406272888
AUC1:  0.8847194971388288  AP1:  0.3675133462728716
AUC2:  0.8689155742316435  AP2: 0.3042785361155139
mAP@0.1 =17.04%
mAP@0.2 =13.42%
mAP@0.3 =10.61%
mAP@0.4 =6.37%
mAP@0.5 =5.15%
average MAP: 10.52
epoch:  6 | step:  12800 | loss1:  0.04553479679150156 | loss2:  0.6678977065747327 | loss3:  0.23910307884216309 | loss4:  0.5989289283752441
AUC1:  0.8842956419149268  AP1:  0.3625302933573165
AUC2:  0.8684880094102431  AP2: 0.3008867751227056
mAP@0.1 =16.76%
mAP@0.2 =13.16%
mAP@0.3 =10.34%
mAP@0.4 =6.19%
mAP@0.5 =5.01%
average MAP: 10.29
epoch:  6 | step:  14080 | loss1:  0.04441091570969637 | loss2:  0.6661686134767962 | loss3:  0.2453199028968811 | loss4:  0.5942019820213318
AUC1:  0.8840728836850529  AP1:  0.3597784667166214
AUC2:  0.8682317188433029  AP2: 0.3010031723904006
mAP@0.1 =17.12%
mAP@0.2 =13.59%
mAP@0.3 =10.55%
mAP@0.4 =6.22%
mAP@0.5 =5.13%
average MAP: 10.52
epoch:  6 | step:  15360 | loss1:  0.04406873527760348 | loss2:  0.6646211590648683 | loss3:  0.24002915620803833 | loss4:  0.59345942735672
AUC1:  0.8838686309985514  AP1:  0.3618334221718666
AUC2:  0.8678181160983747  AP2: 0.3009569183967533
mAP@0.1 =16.75%
mAP@0.2 =13.39%
mAP@0.3 =10.40%
mAP@0.4 =5.77%
mAP@0.5 =4.98%
average MAP: 10.26
epoch:  7 | step:  1280 | loss1:  0.055241663347591057 | loss2:  0.7325963161208413 | loss3:  0.2495032548904419 | loss4:  0.6075610518455505
AUC1:  0.8863764417915194  AP1:  0.3867129926696988
AUC2:  0.8695935662151095  AP2: 0.30907402473041035
mAP@0.1 =17.55%
mAP@0.2 =14.00%
mAP@0.3 =12.23%
mAP@0.4 =8.28%
mAP@0.5 =6.79%
average MAP: 11.77
epoch:  7 | step:  2560 | loss1:  0.050500186071509405 | loss2:  0.6995349923769633 | loss3:  0.24853825569152832 | loss4:  0.6027116775512695
AUC1:  0.8855442457814178  AP1:  0.3796931575297019
AUC2:  0.8686332526306901  AP2: 0.305457579144524
mAP@0.1 =17.89%
mAP@0.2 =13.96%
mAP@0.3 =12.19%
mAP@0.4 =8.27%
mAP@0.5 =6.80%
average MAP: 11.82
epoch:  7 | step:  3840 | loss1:  0.04897305994264541 | loss2:  0.6953022691511339 | loss3:  0.25062859058380127 | loss4:  0.6005746126174927
AUC1:  0.8849249442844015  AP1:  0.37449035428461575
AUC2:  0.8681358416552475  AP2: 0.3039499329309317
mAP@0.1 =17.64%
mAP@0.2 =14.06%
mAP@0.3 =12.11%
mAP@0.4 =8.30%
mAP@0.5 =4.99%
average MAP: 11.42
epoch:  7 | step:  5120 | loss1:  0.04844961687922478 | loss2:  0.6893053563629709 | loss3:  0.24004071950912476 | loss4:  0.6046169400215149
AUC1:  0.8847379847963608  AP1:  0.3718526868339984
AUC2:  0.868288714901197  AP2: 0.3032510451424725
mAP@0.1 =17.88%
mAP@0.2 =14.16%
mAP@0.3 =12.32%
mAP@0.4 =8.38%
mAP@0.5 =5.07%
average MAP: 11.56
epoch:  7 | step:  6400 | loss1:  0.047109644093057686 | loss2:  0.6814996565089506 | loss3:  0.23912250995635986 | loss4:  0.6042866110801697
AUC1:  0.8852722809162819  AP1:  0.37324804367900144
AUC2:  0.8692935334615943  AP2: 0.3081049961720463
mAP@0.1 =17.32%
mAP@0.2 =13.50%
mAP@0.3 =11.50%
mAP@0.4 =7.73%
mAP@0.5 =6.19%
average MAP: 11.25
epoch:  7 | step:  7680 | loss1:  0.04696193148122459 | loss2:  0.6812509904142285 | loss3:  0.241003155708313 | loss4:  0.5994350910186768
AUC1:  0.8849252047875009  AP1:  0.3746816356449847
AUC2:  0.8692543887701327  AP2: 0.30919494689214605
mAP@0.1 =17.12%
mAP@0.2 =13.43%
mAP@0.3 =10.63%
mAP@0.4 =6.68%
mAP@0.5 =5.14%
average MAP: 10.60
epoch:  7 | step:  8960 | loss1:  0.04691266578058122 | loss2:  0.6820594618018244 | loss3:  0.24689191579818726 | loss4:  0.601341187953949
AUC1:  0.8841392847296246  AP1:  0.3698526456093833
AUC2:  0.8684500702059097  AP2: 0.30580353587322034
mAP@0.1 =16.28%
mAP@0.2 =12.65%
mAP@0.3 =9.79%
mAP@0.4 =5.85%
mAP@0.5 =4.34%
average MAP: 9.78
epoch:  7 | step:  10240 | loss1:  0.04594739650686582 | loss2:  0.6803372075528274 | loss3:  0.237665593624115 | loss4:  0.6052126288414001
AUC1:  0.8835893503612071  AP1:  0.36475877620502073
AUC2:  0.8676065466202648  AP2: 0.30208567920418417
mAP@0.1 =16.22%
mAP@0.2 =12.59%
mAP@0.3 =9.70%
mAP@0.4 =5.20%
mAP@0.5 =4.29%
average MAP: 9.60
epoch:  7 | step:  11520 | loss1:  0.0451728552784566 | loss2:  0.6728315379593398 | loss3:  0.24335569143295288 | loss4:  0.6028091907501221
AUC1:  0.8841601917019604  AP1:  0.36426263786858176
AUC2:  0.8682581125984584  AP2: 0.30294758109665354
mAP@0.1 =16.25%
mAP@0.2 =12.77%
mAP@0.3 =10.46%
mAP@0.4 =6.41%
mAP@0.5 =4.30%
average MAP: 10.04
epoch:  7 | step:  12800 | loss1:  0.04495888723447771 | loss2:  0.6704283592724564 | loss3:  0.23769748210906982 | loss4:  0.6025360822677612
AUC1:  0.8837054102840597  AP1:  0.3642950982201003
AUC2:  0.867898333908547  AP2: 0.3011582906260544
mAP@0.1 =16.67%
mAP@0.2 =13.05%
mAP@0.3 =10.22%
mAP@0.4 =5.61%
mAP@0.5 =4.81%
average MAP: 10.07
epoch:  7 | step:  14080 | loss1:  0.044294545997504715 | loss2:  0.666981818976703 | loss3:  0.23962587118148804 | loss4:  0.5961592197418213
AUC1:  0.8841214547705974  AP1:  0.36435236428810636
AUC2:  0.8679132709023462  AP2: 0.3030345299567474
mAP@0.1 =16.86%
mAP@0.2 =13.32%
mAP@0.3 =10.36%
mAP@0.4 =6.08%
mAP@0.5 =5.03%
average MAP: 10.33
epoch:  7 | step:  15360 | loss1:  0.04385783346292894 | loss2:  0.6649490195857591 | loss3:  0.24396193027496338 | loss4:  0.598334014415741
AUC1:  0.8839998974075591  AP1:  0.3641721188491751
AUC2:  0.8694490762387722  AP2: 0.30330972103593057
mAP@0.1 =16.91%
mAP@0.2 =13.20%
mAP@0.3 =10.34%
mAP@0.4 =5.79%
mAP@0.5 =5.00%
average MAP: 10.25
epoch:  8 | step:  1280 | loss1:  0.06179527735168284 | loss2:  0.6773836612701416 | loss3:  0.24721932411193848 | loss4:  0.606835126876831
AUC1:  0.8864794905529843  AP1:  0.3881301569398278
AUC2:  0.8690825663563578  AP2: 0.30890071397501884
mAP@0.1 =17.60%
mAP@0.2 =13.94%
mAP@0.3 =11.16%
mAP@0.4 =8.21%
mAP@0.5 =6.75%
average MAP: 11.53
epoch:  8 | step:  2560 | loss1:  0.054220376624947504 | loss2:  0.6850653205599103 | loss3:  0.2488512396812439 | loss4:  0.6012115478515625
AUC1:  0.886181496136599  AP1:  0.38699869269686804
AUC2:  0.8697663947769283  AP2: 0.3097446535177082
mAP@0.1 =17.65%
mAP@0.2 =14.29%
mAP@0.3 =12.49%
mAP@0.4 =8.56%
mAP@0.5 =7.17%
average MAP: 12.03
epoch:  8 | step:  3840 | loss1:  0.05062879880349482 | loss2:  0.6806654507114042 | loss3:  0.24898773431777954 | loss4:  0.6027092337608337
AUC1:  0.8855934223907089  AP1:  0.37834252813589747
AUC2:  0.8691534965962263  AP2: 0.30445519838060947
mAP@0.1 =17.66%
mAP@0.2 =14.18%
mAP@0.3 =11.01%
mAP@0.4 =8.07%
mAP@0.5 =4.95%
average MAP: 11.18
epoch:  8 | step:  5120 | loss1:  0.047650716880836136 | loss2:  0.6839115677810297 | loss3:  0.24157744646072388 | loss4:  0.6011053919792175
AUC1:  0.8853063317573826  AP1:  0.37729528531875217
AUC2:  0.8694051650171017  AP2: 0.30606212341345107
mAP@0.1 =17.97%
mAP@0.2 =14.23%
mAP@0.3 =12.29%
mAP@0.4 =8.49%
mAP@0.5 =5.20%
average MAP: 11.63
epoch:  8 | step:  6400 | loss1:  0.04842826245608283 | loss2:  0.680631697177887 | loss3:  0.23928159475326538 | loss4:  0.6041480898857117
AUC1:  0.8844025954427012  AP1:  0.3760355797790441
AUC2:  0.8685759050650566  AP2: 0.3048525043919733
mAP@0.1 =17.19%
mAP@0.2 =13.40%
mAP@0.3 =10.44%
mAP@0.4 =7.19%
mAP@0.5 =4.99%
average MAP: 10.64
epoch:  8 | step:  7680 | loss1:  0.046306564732164636 | loss2:  0.6753992623970156 | loss3:  0.24662137031555176 | loss4:  0.599469780921936
AUC1:  0.8841854205606521  AP1:  0.37127399828418584
AUC2:  0.8678599097477142  AP2: 0.30238987742576523
mAP@0.1 =16.91%
mAP@0.2 =13.46%
mAP@0.3 =10.69%
mAP@0.4 =6.74%
mAP@0.5 =5.14%
average MAP: 10.59
epoch:  8 | step:  8960 | loss1:  0.04531662759016937 | loss2:  0.669024579122033 | loss3:  0.24210697412490845 | loss4:  0.598707914352417
AUC1:  0.8844486651980582  AP1:  0.3678451426179561
AUC2:  0.8682465814208842  AP2: 0.30411452465749733
mAP@0.1 =16.99%
mAP@0.2 =13.36%
mAP@0.3 =10.39%
mAP@0.4 =6.14%
mAP@0.5 =4.85%
average MAP: 10.35
epoch:  8 | step:  10240 | loss1:  0.04585233786039882 | loss2:  0.6662774137508722 | loss3:  0.2370375394821167 | loss4:  0.6069393157958984
AUC1:  0.8835635290456267  AP1:  0.3638885384476016
AUC2:  0.8673099962306656  AP2: 0.3019803729547389
mAP@0.1 =17.58%
mAP@0.2 =13.35%
mAP@0.3 =10.59%
mAP@0.4 =6.23%
mAP@0.5 =5.08%
average MAP: 10.57
epoch:  8 | step:  11520 | loss1:  0.044866364305982225 | loss2:  0.6639385950434339 | loss3:  0.2446017861366272 | loss4:  0.6041037440299988
AUC1:  0.8833206921524537  AP1:  0.3648787422563431
AUC2:  0.8670046416518253  AP2: 0.30287473875156595
mAP@0.1 =16.13%
mAP@0.2 =12.43%
mAP@0.3 =9.64%
mAP@0.4 =4.92%
mAP@0.5 =4.13%
average MAP: 9.45
epoch:  8 | step:  12800 | loss1:  0.04491427944659596 | loss2:  0.6637611914389204 | loss3:  0.241338312625885 | loss4:  0.5956645607948303
AUC1:  0.8832394010991671  AP1:  0.36311358642066865
AUC2:  0.8667939908386832  AP2: 0.3016982171955048
mAP@0.1 =16.17%
mAP@0.2 =12.49%
mAP@0.3 =9.68%
mAP@0.4 =5.20%
mAP@0.5 =4.10%
average MAP: 9.53
epoch:  8 | step:  14080 | loss1:  0.044550808079473606 | loss2:  0.6631904475323789 | loss3:  0.23822426795959473 | loss4:  0.5988359451293945
AUC1:  0.8836972376596077  AP1:  0.36227794131640456
AUC2:  0.8680663159635735  AP2: 0.3033169787342723
mAP@0.1 =16.28%
mAP@0.2 =12.65%
mAP@0.3 =10.48%
mAP@0.4 =5.37%
mAP@0.5 =4.28%
average MAP: 9.81
epoch:  8 | step:  15360 | loss1:  0.04396484230360216 | loss2:  0.6630902526792416 | loss3:  0.23745208978652954 | loss4:  0.599098801612854
AUC1:  0.8832522860402693  AP1:  0.35867583693646216
AUC2:  0.8679366850432528  AP2: 0.3002497651696733
mAP@0.1 =16.41%
mAP@0.2 =12.74%
mAP@0.3 =9.72%
mAP@0.4 =5.13%
mAP@0.5 =4.33%
average MAP: 9.67
epoch:  9 | step:  1280 | loss1:  0.06572806157849052 | loss2:  0.7051502899690107 | loss3:  0.2512524127960205 | loss4:  0.6066617965698242
AUC1:  0.8874873857559996  AP1:  0.3861537455049847
AUC2:  0.8725703943504259  AP2: 0.3132812030724908
mAP@0.1 =17.41%
mAP@0.2 =14.04%
mAP@0.3 =12.31%
mAP@0.4 =8.30%
mAP@0.5 =6.55%
average MAP: 11.72
epoch:  9 | step:  2560 | loss1:  0.06277971661516599 | loss2:  0.6855113364401317 | loss3:  0.2437223196029663 | loss4:  0.606925368309021
AUC1:  0.887398178318414  AP1:  0.3848132395110788
AUC2:  0.8719975545218253  AP2: 0.3118764533235339
mAP@0.1 =17.36%
mAP@0.2 =13.86%
mAP@0.3 =12.16%
mAP@0.4 =8.13%
mAP@0.5 =6.41%
average MAP: 11.58
epoch:  9 | step:  3840 | loss1:  0.05964271916497138 | loss2:  0.6891491009343055 | loss3:  0.24921071529388428 | loss4:  0.6056405901908875
AUC1:  0.887254043649399  AP1:  0.38406952514129067
AUC2:  0.8709192946607329  AP2: 0.3099170123553771
mAP@0.1 =17.40%
mAP@0.2 =13.90%
mAP@0.3 =12.15%
mAP@0.4 =8.13%
mAP@0.5 =6.42%
average MAP: 11.60
epoch:  9 | step:  5120 | loss1:  0.0602684051888745 | loss2:  0.691927688877757 | loss3:  0.24309229850769043 | loss4:  0.6071676015853882
AUC1:  0.8870496943052195  AP1:  0.38388391804151056
AUC2:  0.869942749351528  AP2: 0.30826565098757386
mAP@0.1 =17.56%
mAP@0.2 =14.06%
mAP@0.3 =11.27%
mAP@0.4 =8.28%
mAP@0.5 =5.09%
average MAP: 11.25
epoch:  9 | step:  6400 | loss1:  0.05892523305088866 | loss2:  0.6916450004951626 | loss3:  0.24974286556243896 | loss4:  0.6075079441070557
AUC1:  0.8869143282391099  AP1:  0.38365295045207937
AUC2:  0.8696075502550236  AP2: 0.3078490333918472
mAP@0.1 =17.57%
mAP@0.2 =14.02%
mAP@0.3 =11.23%
mAP@0.4 =8.25%
mAP@0.5 =5.07%
average MAP: 11.23
epoch:  9 | step:  7680 | loss1:  0.057743123198141816 | loss2:  0.6945790013328927 | loss3:  0.24220436811447144 | loss4:  0.607913613319397
AUC1:  0.8868278849516299  AP1:  0.38329045581228477
AUC2:  0.8695363624775836  AP2: 0.3077261120225837
mAP@0.1 =17.51%
mAP@0.2 =13.94%
mAP@0.3 =11.19%
mAP@0.4 =8.24%
mAP@0.5 =5.04%
average MAP: 11.18
epoch:  9 | step:  8960 | loss1:  0.05751059933657378 | loss2:  0.6897518248625205 | loss3:  0.24198949337005615 | loss4:  0.6079714894294739
AUC1:  0.8867260032181021  AP1:  0.3828379482402061
AUC2:  0.8694702103520178  AP2: 0.30751921096783463
mAP@0.1 =17.35%
mAP@0.2 =13.95%
mAP@0.3 =11.19%
mAP@0.4 =8.23%
mAP@0.5 =6.75%
average MAP: 11.49
epoch:  9 | step:  10240 | loss1:  0.056373835621792594 | loss2:  0.6887010512528596 | loss3:  0.24185854196548462 | loss4:  0.6079124808311462
AUC1:  0.8866928364750335  AP1:  0.38227113458489803
AUC2:  0.8694341276608792  AP2: 0.30740234645571585
mAP@0.1 =17.35%
mAP@0.2 =13.95%
mAP@0.3 =12.17%
mAP@0.4 =8.23%
mAP@0.5 =6.75%
average MAP: 11.69
epoch:  9 | step:  11520 | loss1:  0.05625052123770609 | loss2:  0.6908463534418043 | loss3:  0.2495783567428589 | loss4:  0.607643723487854
AUC1:  0.886678470901409  AP1:  0.3821299730603722
AUC2:  0.869495157114859  AP2: 0.307463455851425
mAP@0.1 =17.33%
mAP@0.2 =13.94%
mAP@0.3 =12.16%
mAP@0.4 =8.23%
mAP@0.5 =6.74%
average MAP: 11.68
epoch:  9 | step:  12800 | loss1:  0.05498411952711568 | loss2:  0.6867126102494722 | loss3:  0.24946552515029907 | loss4:  0.6076634526252747
AUC1:  0.8866237768346179  AP1:  0.38223125166654137
AUC2:  0.8694656920921053  AP2: 0.30781456413726993
mAP@0.1 =17.35%
mAP@0.2 =13.95%
mAP@0.3 =12.17%
mAP@0.4 =8.24%
mAP@0.5 =6.74%
average MAP: 11.69
epoch:  9 | step:  14080 | loss1:  0.05395468599624462 | loss2:  0.6862148937878308 | loss3:  0.24173909425735474 | loss4:  0.6074830293655396
AUC1:  0.8865722423525557  AP1:  0.3821013825177136
AUC2:  0.8694269428352666  AP2: 0.30773927721799516
mAP@0.1 =17.46%
mAP@0.2 =14.03%
mAP@0.3 =12.24%
mAP@0.4 =8.31%
mAP@0.5 =6.81%
average MAP: 11.77
epoch:  9 | step:  15360 | loss1:  0.05328626582814642 | loss2:  0.6859986067803439 | loss3:  0.24897438287734985 | loss4:  0.6069140434265137
AUC1:  0.8864880565732588  AP1:  0.3817215725653712
AUC2:  0.8693230662281283  AP2: 0.3074352446269738
mAP@0.1 =17.48%
mAP@0.2 =14.05%
mAP@0.3 =12.24%
mAP@0.4 =8.31%
mAP@0.5 =5.09%
average MAP: 11.43
epoch:  10 | step:  1280 | loss1:  0.054690087044780906 | loss2:  0.6753906390883706 | loss3:  0.244179368019104 | loss4:  0.6063727736473083
AUC1:  0.8873731484281159  AP1:  0.38737540670249837
AUC2:  0.8721721724090954  AP2: 0.31344054980703534
mAP@0.1 =17.41%
mAP@0.2 =13.91%
mAP@0.3 =12.16%
mAP@0.4 =8.15%
mAP@0.5 =6.41%
average MAP: 11.61
epoch:  10 | step:  2560 | loss1:  0.05637035181834584 | loss2:  0.6686844712211972 | loss3:  0.24402081966400146 | loss4:  0.6063081622123718
AUC1:  0.8872303319362929  AP1:  0.38667481933665154
AUC2:  0.8714041141896718  AP2: 0.31216722711149075
mAP@0.1 =17.23%
mAP@0.2 =13.88%
mAP@0.3 =12.14%
mAP@0.4 =8.12%
mAP@0.5 =6.41%
average MAP: 11.56
epoch:  10 | step:  3840 | loss1:  0.05642977260774182 | loss2:  0.6760690462204718 | loss3:  0.2494487166404724 | loss4:  0.6050601005554199
AUC1:  0.8871115883032814  AP1:  0.38587063025357193
AUC2:  0.8706437288105611  AP2: 0.3106209300145938
mAP@0.1 =17.41%
mAP@0.2 =14.05%
mAP@0.3 =12.27%
mAP@0.4 =8.25%
mAP@0.5 =6.54%
average MAP: 11.70
epoch:  10 | step:  5120 | loss1:  0.05517762463267257 | loss2:  0.6742631880248465 | loss3:  0.2489689588546753 | loss4:  0.6055197715759277
AUC1:  0.8869561531191661  AP1:  0.3851904918575874
AUC2:  0.8700564960698747  AP2: 0.3093568475491994
mAP@0.1 =17.30%
mAP@0.2 =13.95%
mAP@0.3 =12.17%
mAP@0.4 =8.23%
mAP@0.5 =6.76%
average MAP: 11.68
epoch:  10 | step:  6400 | loss1:  0.05415886249758449 | loss2:  0.6706600843691358 | loss3:  0.24302834272384644 | loss4:  0.6070215106010437
AUC1:  0.886827558002169  AP1:  0.3846981684394559
AUC2:  0.8697721221382062  AP2: 0.30883380672982463
mAP@0.1 =17.42%
mAP@0.2 =13.94%
mAP@0.3 =12.15%
mAP@0.4 =8.20%
mAP@0.5 =5.04%
average MAP: 11.35
epoch:  10 | step:  7680 | loss1:  0.05410693747709032 | loss2:  0.675852714014835 | loss3:  0.24296224117279053 | loss4:  0.6068424582481384
AUC1:  0.8867102469045226  AP1:  0.38415068212507797
AUC2:  0.8695449663083399  AP2: 0.30822896488027146
mAP@0.1 =17.43%
mAP@0.2 =13.95%
mAP@0.3 =12.16%
mAP@0.4 =8.21%
mAP@0.5 =5.04%
average MAP: 11.36
epoch:  10 | step:  8960 | loss1:  0.053753298746658046 | loss2:  0.6769520371732577 | loss3:  0.24972611665725708 | loss4:  0.6071093678474426
AUC1:  0.8866639473207463  AP1:  0.3833915023664636
AUC2:  0.8695192005964092  AP2: 0.3081365991960012
mAP@0.1 =17.43%
mAP@0.2 =13.96%
mAP@0.3 =12.16%
mAP@0.4 =8.22%
mAP@0.5 =5.04%
average MAP: 11.36
epoch:  10 | step:  10240 | loss1:  0.052946922932693985 | loss2:  0.6839288730680206 | loss3:  0.24819356203079224 | loss4:  0.6055063605308533
AUC1:  0.8866300466095001  AP1:  0.3829171304682685
AUC2:  0.8695012426563148  AP2: 0.30810647481745523
mAP@0.1 =17.46%
mAP@0.2 =13.99%
mAP@0.3 =12.18%
mAP@0.4 =8.24%
mAP@0.5 =5.05%
average MAP: 11.38
epoch:  10 | step:  11520 | loss1:  0.05402948574296066 | loss2:  0.6852738968618624 | loss3:  0.2423679232597351 | loss4:  0.6068394184112549
AUC1:  0.8865792666689659  AP1:  0.3827843814388577
AUC2:  0.8694475645608788  AP2: 0.3080278440666701
mAP@0.1 =17.46%
mAP@0.2 =13.98%
mAP@0.3 =12.18%
mAP@0.4 =8.23%
mAP@0.5 =5.04%
average MAP: 11.38
epoch:  10 | step:  12800 | loss1:  0.05283741282280719 | loss2:  0.6872044589259837 | loss3:  0.24226802587509155 | loss4:  0.6066864728927612
AUC1:  0.886541631616597  AP1:  0.3829024025484351
AUC2:  0.8694539788125777  AP2: 0.3080928140377445
mAP@0.1 =17.48%
mAP@0.2 =13.96%
mAP@0.3 =12.18%
mAP@0.4 =8.23%
mAP@0.5 =5.03%
average MAP: 11.38
epoch:  10 | step:  14080 | loss1:  0.052378464540517006 | loss2:  0.6848759382694691 | loss3:  0.24766862392425537 | loss4:  0.6053826212882996
AUC1:  0.8864332314671997  AP1:  0.3826060110415079
AUC2:  0.8693406151107056  AP2: 0.30781518564395854
mAP@0.1 =17.49%
mAP@0.2 =13.97%
mAP@0.3 =12.18%
mAP@0.4 =8.24%
mAP@0.5 =5.04%
average MAP: 11.38
epoch:  10 | step:  15360 | loss1:  0.05243096095779218 | loss2:  0.6846171119981561 | loss3:  0.24179017543792725 | loss4:  0.606954038143158
AUC1:  0.8862992132335619  AP1:  0.38244094677463125
AUC2:  0.8692361295509289  AP2: 0.307685648004793
mAP@0.1 =17.50%
mAP@0.2 =13.97%
mAP@0.3 =12.18%
mAP@0.4 =8.24%
mAP@0.5 =5.04%
average MAP: 11.39
