nohup: ignoring input
epoch:  1 | step:  7680 | loss1:  0.45144759486486885 | loss2:  1.6462011955402516 | loss3:  0.3116857409477234 | loss4:  0.9381729364395142
AUC1:  0.9075910066814805  AP1:  0.7264521654418865
AUC2:  0.7460217616918314  AP2: 0.39782633517209837
mAP@0.1 =27.26%
mAP@0.2 =23.51%
mAP@0.3 =20.84%
mAP@0.4 =18.71%
mAP@0.5 =15.70%
average MAP: 21.20
epoch:  1 | step:  15360 | loss1:  0.34049284347095843 | loss2:  1.4551974520179796 | loss3:  0.24236851930618286 | loss4:  0.8569962978363037
AUC1:  0.9257569349485895  AP1:  0.7739008704811969
AUC2:  0.8770752867666204  AP2: 0.5708014704097373
mAP@0.1 =34.24%
mAP@0.2 =28.55%
mAP@0.3 =23.86%
mAP@0.4 =21.14%
mAP@0.5 =17.47%
average MAP: 25.05
epoch:  1 | step:  23040 | loss1:  0.2888822035547114 | loss2:  1.2672337471696846 | loss3:  0.1461092233657837 | loss4:  0.8394360542297363
AUC1:  0.9360591039449961  AP1:  0.8005819133185896
AUC2:  0.9291630351038083  AP2: 0.7807403317034778
mAP@0.1 =37.05%
mAP@0.2 =30.79%
mAP@0.3 =26.11%
mAP@0.4 =22.03%
mAP@0.5 =17.37%
average MAP: 26.67
epoch:  1 | step:  30720 | loss1:  0.25540173420467854 | loss2:  1.1105659362683045 | loss3:  0.11534959077835083 | loss4:  0.8355669975280762
AUC1:  0.9376187301678762  AP1:  0.7967371132745025
AUC2:  0.9488025434829392  AP2: 0.8509082326577755
mAP@0.1 =39.79%
mAP@0.2 =33.69%
mAP@0.3 =28.09%
mAP@0.4 =24.22%
mAP@0.5 =20.11%
average MAP: 29.18
epoch:  2 | step:  7680 | loss1:  0.1344800355993671 | loss2:  0.5232931489561811 | loss3:  0.08898812532424927 | loss4:  0.8192915916442871
AUC1:  0.9342050786593867  AP1:  0.7710523724841052
AUC2:  0.9521132784607187  AP2: 0.8602014497775169
mAP@0.1 =43.47%
mAP@0.2 =37.15%
mAP@0.3 =31.91%
mAP@0.4 =27.37%
mAP@0.5 =22.71%
average MAP: 32.52
epoch:  2 | step:  15360 | loss1:  0.132721575682763 | loss2:  0.4907487677121014 | loss3:  0.07175314426422119 | loss4:  0.8475255370140076
AUC1:  0.930817050543133  AP1:  0.7617462991660152
AUC2:  0.9548037763685888  AP2: 0.8713570506553948
mAP@0.1 =43.88%
mAP@0.2 =37.22%
mAP@0.3 =31.96%
mAP@0.4 =27.27%
mAP@0.5 =22.57%
average MAP: 32.58
epoch:  2 | step:  23040 | loss1:  0.1275637857306795 | loss2:  0.46425006535538005 | loss3:  0.06928378343582153 | loss4:  0.8362409472465515
AUC1:  0.9234141089345788  AP1:  0.7248881419447984
AUC2:  0.952271202387928  AP2: 0.8635625716674864
mAP@0.1 =44.34%
mAP@0.2 =37.98%
mAP@0.3 =31.61%
mAP@0.4 =27.39%
mAP@0.5 =22.38%
average MAP: 32.74
epoch:  2 | step:  30720 | loss1:  0.12375219231268327 | loss2:  0.44702847371591586 | loss3:  0.06202167272567749 | loss4:  0.8396064043045044
AUC1:  0.9368007918395547  AP1:  0.7827758688487869
AUC2:  0.9538202121468845  AP2: 0.8664844652129574
mAP@0.1 =45.98%
mAP@0.2 =38.93%
mAP@0.3 =33.09%
mAP@0.4 =28.17%
mAP@0.5 =24.17%
average MAP: 34.07
epoch:  3 | step:  7680 | loss1:  0.11649449882499965 | loss2:  0.40662060806780687 | loss3:  0.07207274436950684 | loss4:  0.8136314749717712
AUC1:  0.9240098446414727  AP1:  0.7234106089975537
AUC2:  0.9504569507928042  AP2: 0.85768508553318
mAP@0.1 =44.66%
mAP@0.2 =37.56%
mAP@0.3 =32.98%
mAP@0.4 =27.86%
mAP@0.5 =23.21%
average MAP: 33.25
epoch:  3 | step:  15360 | loss1:  0.1123255659241854 | loss2:  0.4050908405218065 | loss3:  0.06274545192718506 | loss4:  0.8392450213432312
AUC1:  0.9303682210244905  AP1:  0.7590259903945868
AUC2:  0.9529981510837228  AP2: 0.8650544910872503
mAP@0.1 =44.52%
mAP@0.2 =37.63%
mAP@0.3 =31.87%
mAP@0.4 =27.82%
mAP@0.5 =22.82%
average MAP: 32.93
epoch:  3 | step:  23040 | loss1:  0.10821034317194674 | loss2:  0.3955627603154954 | loss3:  0.0642499327659607 | loss4:  0.8179383277893066
AUC1:  0.9271194702515061  AP1:  0.7396762412646358
AUC2:  0.9499060389238068  AP2: 0.8534920933926353
mAP@0.1 =45.24%
mAP@0.2 =38.63%
mAP@0.3 =33.40%
mAP@0.4 =28.48%
mAP@0.5 =23.74%
average MAP: 33.90
epoch:  3 | step:  30720 | loss1:  0.10672657197556021 | loss2:  0.38601034141589546 | loss3:  0.05503559112548828 | loss4:  0.8537697792053223
AUC1:  0.9356963387159173  AP1:  0.7791106803825123
AUC2:  0.9552755921977305  AP2: 0.8695524017940204
mAP@0.1 =44.69%
mAP@0.2 =37.73%
mAP@0.3 =30.96%
mAP@0.4 =25.57%
mAP@0.5 =21.91%
average MAP: 32.17
epoch:  4 | step:  7680 | loss1:  0.11759037653237213 | loss2:  0.4142476224604948 | loss3:  0.07589977979660034 | loss4:  0.8347820043563843
AUC1:  0.9322241863893914  AP1:  0.7657575941731297
AUC2:  0.9534236559622605  AP2: 0.8670917966902817
mAP@0.1 =44.17%
mAP@0.2 =37.20%
mAP@0.3 =31.86%
mAP@0.4 =27.57%
mAP@0.5 =22.75%
average MAP: 32.71
epoch:  4 | step:  15360 | loss1:  0.11319930756591862 | loss2:  0.4159245779795676 | loss3:  0.07108157873153687 | loss4:  0.83824223279953
AUC1:  0.9311700410935135  AP1:  0.7613485567299129
AUC2:  0.9536326228518329  AP2: 0.8670072212431603
mAP@0.1 =44.16%
mAP@0.2 =37.33%
mAP@0.3 =31.77%
mAP@0.4 =27.46%
mAP@0.5 =22.39%
average MAP: 32.62
epoch:  4 | step:  23040 | loss1:  0.11193010629892844 | loss2:  0.41851300520520984 | loss3:  0.07404005527496338 | loss4:  0.8357439041137695
AUC1:  0.9303801280853264  AP1:  0.7566750212382385
AUC2:  0.9531582018034496  AP2: 0.8659334390818536
mAP@0.1 =44.08%
mAP@0.2 =37.03%
mAP@0.3 =32.09%
mAP@0.4 =27.72%
mAP@0.5 =22.87%
average MAP: 32.76
epoch:  4 | step:  30720 | loss1:  0.11109775543862785 | loss2:  0.41350471379229586 | loss3:  0.07272148132324219 | loss4:  0.8400317430496216
AUC1:  0.929662096277119  AP1:  0.7558899754448605
AUC2:  0.9539989331608253  AP2: 0.8683514336823539
mAP@0.1 =44.37%
mAP@0.2 =37.23%
mAP@0.3 =32.03%
mAP@0.4 =27.55%
mAP@0.5 =22.61%
average MAP: 32.76
epoch:  5 | step:  7680 | loss1:  0.12137904261917244 | loss2:  0.4210272861851586 | loss3:  0.07545703649520874 | loss4:  0.8370002508163452
AUC1:  0.9306210652733098  AP1:  0.7599787786657675
AUC2:  0.9537431373933872  AP2: 0.8680736236413596
mAP@0.1 =44.46%
mAP@0.2 =37.15%
mAP@0.3 =32.09%
mAP@0.4 =27.50%
mAP@0.5 =22.91%
average MAP: 32.82
epoch:  5 | step:  15360 | loss1:  0.11614667360456835 | loss2:  0.4179406595526275 | loss3:  0.07061421871185303 | loss4:  0.8413125872612
AUC1:  0.9298316817448198  AP1:  0.7547554320122236
AUC2:  0.9538499745203499  AP2: 0.868126054296259
mAP@0.1 =44.19%
mAP@0.2 =37.15%
mAP@0.3 =31.90%
mAP@0.4 =27.60%
mAP@0.5 =22.66%
average MAP: 32.70
epoch:  5 | step:  23040 | loss1:  0.11284191583387584 | loss2:  0.41589970521907094 | loss3:  0.07389688491821289 | loss4:  0.8344051241874695
AUC1:  0.9286914434068348  AP1:  0.7480206106036054
AUC2:  0.95316622303315  AP2: 0.8660851029280014
mAP@0.1 =44.36%
mAP@0.2 =37.02%
mAP@0.3 =31.97%
mAP@0.4 =27.29%
mAP@0.5 =22.63%
average MAP: 32.65
epoch:  5 | step:  30720 | loss1:  0.11166859477340618 | loss2:  0.4150533528528481 | loss3:  0.0729948878288269 | loss4:  0.8345674276351929
AUC1:  0.9306843289289498  AP1:  0.7592093444444566
AUC2:  0.9534794881097407  AP2: 0.8666629159042702
mAP@0.1 =44.16%
mAP@0.2 =37.29%
mAP@0.3 =32.09%
mAP@0.4 =27.74%
mAP@0.5 =23.03%
average MAP: 32.86
epoch:  6 | step:  7680 | loss1:  0.11643371413703318 | loss2:  0.42090214586552277 | loss3:  0.075070321559906 | loss4:  0.8401730060577393
AUC1:  0.9293731304581287  AP1:  0.7543350398138488
AUC2:  0.9534017919297786  AP2: 0.8673418516547274
mAP@0.1 =44.03%
mAP@0.2 =37.21%
mAP@0.3 =31.87%
mAP@0.4 =27.57%
mAP@0.5 =22.53%
average MAP: 32.64
epoch:  6 | step:  15360 | loss1:  0.11254300116937353 | loss2:  0.4159217591611495 | loss3:  0.07512414455413818 | loss4:  0.8319123983383179
AUC1:  0.9293453685633697  AP1:  0.7527816285434278
AUC2:  0.9530073982896802  AP2: 0.86544517583008
mAP@0.1 =44.28%
mAP@0.2 =37.37%
mAP@0.3 =32.14%
mAP@0.4 =27.40%
mAP@0.5 =22.90%
average MAP: 32.82
epoch:  6 | step:  23040 | loss1:  0.11161698110370716 | loss2:  0.41459354708798196 | loss3:  0.07412081956863403 | loss4:  0.8319903612136841
AUC1:  0.9297291067614795  AP1:  0.7549959790308657
AUC2:  0.9527233502087834  AP2: 0.864761319947172
mAP@0.1 =44.35%
mAP@0.2 =37.40%
mAP@0.3 =32.34%
mAP@0.4 =27.62%
mAP@0.5 =23.04%
average MAP: 32.95
epoch:  6 | step:  30720 | loss1:  0.11063483489729534 | loss2:  0.41437393584726756 | loss3:  0.06925344467163086 | loss4:  0.8391522169113159
AUC1:  0.9310983817367776  AP1:  0.7606729201380267
AUC2:  0.9537343639284935  AP2: 0.8671452499570632
mAP@0.1 =44.44%
mAP@0.2 =37.16%
mAP@0.3 =32.09%
mAP@0.4 =27.49%
mAP@0.5 =22.79%
average MAP: 32.79
epoch:  7 | step:  7680 | loss1:  0.1118687504419574 | loss2:  0.4063713281978796 | loss3:  0.07672637701034546 | loss4:  0.8344177007675171
AUC1:  0.9305439058378925  AP1:  0.7599594198062771
AUC2:  0.9540374425604458  AP2: 0.8688477297155592
mAP@0.1 =43.74%
mAP@0.2 =37.00%
mAP@0.3 =31.73%
mAP@0.4 =27.10%
mAP@0.5 =22.40%
average MAP: 32.39
epoch:  7 | step:  15360 | loss1:  0.11554933853030945 | loss2:  0.41487474415613257 | loss3:  0.0771256685256958 | loss4:  0.8372174501419067
AUC1:  0.9306046696228784  AP1:  0.7594498378329555
AUC2:  0.9540174551974071  AP2: 0.868793669150237
mAP@0.1 =43.94%
mAP@0.2 =37.10%
mAP@0.3 =31.64%
mAP@0.4 =27.13%
mAP@0.5 =22.37%
average MAP: 32.43
epoch:  7 | step:  23040 | loss1:  0.11472918743970978 | loss2:  0.41359383238796377 | loss3:  0.07630711793899536 | loss4:  0.8354572057723999
AUC1:  0.9307660872370076  AP1:  0.7595249555249823
AUC2:  0.9540491616723688  AP2: 0.8687706288973809
mAP@0.1 =43.96%
mAP@0.2 =37.07%
mAP@0.3 =31.84%
mAP@0.4 =27.23%
mAP@0.5 =22.32%
average MAP: 32.48
epoch:  7 | step:  30720 | loss1:  0.11680322719558006 | loss2:  0.4207672419206376 | loss3:  0.07223451137542725 | loss4:  0.8388978838920593
AUC1:  0.9309302189767515  AP1:  0.7601791971059838
AUC2:  0.9539398147394919  AP2: 0.8684733150028009
mAP@0.1 =44.38%
mAP@0.2 =37.37%
mAP@0.3 =32.07%
mAP@0.4 =27.66%
mAP@0.5 =22.79%
average MAP: 32.85
epoch:  8 | step:  7680 | loss1:  0.11547285718498407 | loss2:  0.4207909986560727 | loss3:  0.07297128438949585 | loss4:  0.8360711336135864
AUC1:  0.9308805957365089  AP1:  0.761130261220516
AUC2:  0.9541223990021701  AP2: 0.8689916462688455
mAP@0.1 =43.75%
mAP@0.2 =37.01%
mAP@0.3 =31.79%
mAP@0.4 =27.27%
mAP@0.5 =22.69%
average MAP: 32.50
epoch:  8 | step:  15360 | loss1:  0.11696883804679657 | loss2:  0.4195988163444566 | loss3:  0.0727311372756958 | loss4:  0.836902379989624
AUC1:  0.9310402844744077  AP1:  0.761172776399602
AUC2:  0.9538832921577849  AP2: 0.8684931050675797
mAP@0.1 =44.28%
mAP@0.2 =37.35%
mAP@0.3 =32.11%
mAP@0.4 =27.64%
mAP@0.5 =22.80%
average MAP: 32.84
epoch:  8 | step:  23040 | loss1:  0.11732449289797747 | loss2:  0.4188363950282212 | loss3:  0.07619011402130127 | loss4:  0.8361867666244507
AUC1:  0.9308037430418786  AP1:  0.7597006304101124
AUC2:  0.9540783307996812  AP2: 0.8688846083134806
mAP@0.1 =44.02%
mAP@0.2 =37.04%
mAP@0.3 =31.81%
mAP@0.4 =27.28%
mAP@0.5 =22.48%
average MAP: 32.53
epoch:  8 | step:  30720 | loss1:  0.11634376438514465 | loss2:  0.4201939352019182 | loss3:  0.07621312141418457 | loss4:  0.8351138830184937
AUC1:  0.9305302079422884  AP1:  0.7587602747571027
AUC2:  0.9537871608208606  AP2: 0.8680030174923056
mAP@0.1 =44.31%
mAP@0.2 =37.31%
mAP@0.3 =31.94%
mAP@0.4 =27.23%
mAP@0.5 =22.54%
average MAP: 32.67
epoch:  9 | step:  7680 | loss1:  0.12345254577604341 | loss2:  0.4190481448615039 | loss3:  0.07300931215286255 | loss4:  0.8355861902236938
AUC1:  0.9308643223196315  AP1:  0.761216893959154
AUC2:  0.9539459108259637  AP2: 0.868509716224042
mAP@0.1 =43.84%
mAP@0.2 =37.06%
mAP@0.3 =31.73%
mAP@0.4 =27.11%
mAP@0.5 =22.40%
average MAP: 32.43
epoch:  9 | step:  15360 | loss1:  0.12123017478155794 | loss2:  0.4190773651096391 | loss3:  0.07245969772338867 | loss4:  0.8387985229492188
AUC1:  0.9309071563355905  AP1:  0.76107563879562
AUC2:  0.9539576600339289  AP2: 0.8687266240489384
mAP@0.1 =43.86%
mAP@0.2 =37.10%
mAP@0.3 =31.69%
mAP@0.4 =27.20%
mAP@0.5 =22.47%
average MAP: 32.46
epoch:  9 | step:  23040 | loss1:  0.11863661942331129 | loss2:  0.4191114165476249 | loss3:  0.07629430294036865 | loss4:  0.835547924041748
AUC1:  0.9306973858261243  AP1:  0.7597160981915481
AUC2:  0.9539486197849117  AP2: 0.86849645963862
mAP@0.1 =43.95%
mAP@0.2 =37.03%
mAP@0.3 =31.75%
mAP@0.4 =27.25%
mAP@0.5 =22.48%
average MAP: 32.49
epoch:  9 | step:  30720 | loss1:  0.11634552633140317 | loss2:  0.4208502742545998 | loss3:  0.07216131687164307 | loss4:  0.8393160700798035
AUC1:  0.9306939758093538  AP1:  0.7595004379467363
AUC2:  0.9539350030963747  AP2: 0.868448038863046
mAP@0.1 =44.19%
mAP@0.2 =37.07%
mAP@0.3 =31.85%
mAP@0.4 =27.48%
mAP@0.5 =22.40%
average MAP: 32.60
epoch:  10 | step:  7680 | loss1:  0.11616301495167944 | loss2:  0.42472676620071315 | loss3:  0.0730280876159668 | loss4:  0.8354558944702148
AUC1:  0.93086373676128  AP1:  0.7610061941442646
AUC2:  0.9539285699076908  AP2: 0.8684956700359292
mAP@0.1 =43.93%
mAP@0.2 =37.13%
mAP@0.3 =31.79%
mAP@0.4 =27.42%
mAP@0.5 =22.61%
average MAP: 32.58
epoch:  10 | step:  15360 | loss1:  0.11379973333537208 | loss2:  0.4216706130815589 | loss3:  0.07625478506088257 | loss4:  0.8367247581481934
AUC1:  0.9308137212690097  AP1:  0.7601228352770334
AUC2:  0.9541000338859263  AP2: 0.8691208804935195
mAP@0.1 =43.89%
mAP@0.2 =37.09%
mAP@0.3 =31.77%
mAP@0.4 =27.17%
mAP@0.5 =22.43%
average MAP: 32.47
epoch:  10 | step:  23040 | loss1:  0.11527131966226328 | loss2:  0.4245517356514436 | loss3:  0.07226645946502686 | loss4:  0.83934086561203
AUC1:  0.9306641107494193  AP1:  0.759586690699203
AUC2:  0.9540875820858955  AP2: 0.8688151620144735
mAP@0.1 =44.22%
mAP@0.2 =37.11%
mAP@0.3 =31.81%
mAP@0.4 =27.51%
mAP@0.5 =22.47%
average MAP: 32.62
epoch:  10 | step:  30720 | loss1:  0.11567842377773327 | loss2:  0.42030939441232296 | loss3:  0.07672083377838135 | loss4:  0.8380476832389832
AUC1:  0.9305759427390357  AP1:  0.7589126710742606
AUC2:  0.9538866038917787  AP2: 0.8683202881063261
mAP@0.1 =44.45%
mAP@0.2 =37.21%
mAP@0.3 =32.00%
mAP@0.4 =27.56%
mAP@0.5 =22.49%
average MAP: 32.74
